<?xml version="1.0" encoding="UTF-8"?>
<!-- Generated by org.testng.reporters.JUnitReportReporter -->
<testsuite hostname="DESKTOP-OQ9VIQI" failures="0" tests="7" name="testNG.BasicClass2" time="93.582" errors="0" timestamp="2022-08-06T21:01:08 IST" skipped="0">
  <testcase classname="testNG.BasicClass2" name="Login" time="4.767"/>
  <system-out/>
  <testcase classname="testNG.BasicClass2" name="Login" time="25.805"/>
  <system-out/>
  <testcase classname="testNG.BasicClass2" name="Login" time="12.423"/>
  <system-out/>
  <testcase classname="testNG.BasicClass2" name="Login" time="13.099"/>
  <system-out/>
  <testcase classname="testNG.BasicClass2" name="Login" time="22.078"/>
  <system-out/>
  <testcase classname="testNG.BasicClass2" name="Login" time="9.588"/>
  <system-out/>
  <testcase classname="testNG.BasicClass2" name="Verify" time="5.822"/>
  <system-out/>
</testsuite> <!-- testNG.BasicClass2 -->
