<?xml version="1.0" encoding="UTF-8"?>
<!-- Generated by org.testng.reporters.JUnitReportReporter -->
<testsuite hostname="DESKTOP-OQ9VIQI" failures="0" tests="3" name="Rest_Assured.BaseUri_Book_Multi_Dimen" time="8.820" errors="0" timestamp="2022-08-13T15:01:08 IST" skipped="0">
  <testcase classname="Rest_Assured.BaseUri_Book_Multi_Dimen" name="test1" time="0.302"/>
  <system-out/>
  <testcase classname="Rest_Assured.BaseUri_Book_Multi_Dimen" name="test1" time="8.219"/>
  <system-out/>
  <testcase classname="Rest_Assured.BaseUri_Book_Multi_Dimen" name="test1" time="0.299"/>
  <system-out/>
</testsuite> <!-- Rest_Assured.BaseUri_Book_Multi_Dimen -->
