<?xml version="1.0" encoding="UTF-8"?>
<!-- Generated by org.testng.reporters.JUnitReportReporter -->
<testsuite hostname="DESKTOP-OQ9VIQI" failures="0" tests="1" name="Rest_Assured.Base_Uri_Add_Del" time="8.151" errors="0" timestamp="2022-08-01T19:21:41 IST" skipped="0">
  <testcase classname="Rest_Assured.Base_Uri_Add_Del" name="test1" time="8.151"/>
  <system-out/>
</testsuite> <!-- Rest_Assured.Base_Uri_Add_Del -->
