<?xml version="1.0" encoding="UTF-8"?>
<!-- Generated by org.testng.reporters.JUnitReportReporter -->
<testsuite hostname="DESKTOP-OQ9VIQI" failures="0" tests="2" name="practise.assignment2" time="6.287" errors="0" timestamp="2022-08-05T22:55:17 IST" skipped="0">
  <testcase classname="practise.assignment2" name="fileopen" time="6.203"/>
  <system-out/>
  <testcase classname="practise.assignment2" name="name" time="0.084"/>
  <system-out/>
</testsuite> <!-- practise.assignment2 -->
