<?xml version="1.0" encoding="UTF-8"?>
<!-- Generated by org.testng.reporters.JUnitReportReporter -->
<testsuite hostname="DESKTOP-OQ9VIQI" failures="0" tests="1" name="testNG.BasicClass4" time="0.000" errors="0" timestamp="2022-08-11T22:52:52 IST" skipped="1">
  <testcase classname="testNG.BasicClass4" name="Login" time="0.000">
    <skipped/>
  </testcase> <!-- Login -->
  <system-out/>
</testsuite> <!-- testNG.BasicClass4 -->
