<?xml version="1.0" encoding="UTF-8"?>
<!-- Generated by org.testng.reporters.JUnitReportReporter -->
<testsuite hostname="DESKTOP-OQ9VIQI" failures="0" tests="1" name="Rest_Assured.Book_Multi_Dimen_Delete" time="7.518" errors="0" timestamp="2022-08-01T12:35:12 IST" skipped="0">
  <testcase classname="Rest_Assured.Book_Multi_Dimen_Delete" name="test1" time="7.518"/>
  <system-out/>
</testsuite> <!-- Rest_Assured.Book_Multi_Dimen_Delete -->
