<?xml version="1.0" encoding="UTF-8"?>
<!-- Generated by org.testng.reporters.JUnitReportReporter -->
<testsuite hostname="DESKTOP-OQ9VIQI" failures="0" tests="3" name="testNG.BasicClass" time="0.106" errors="0" timestamp="2022-08-12T00:04:53 IST" skipped="0">
  <testcase classname="testNG.BasicClass" name="one" time="0.086"/>
  <system-out/>
  <testcase classname="testNG.BasicClass" name="three" time="0.015"/>
  <system-out/>
  <testcase classname="testNG.BasicClass" name="two" time="0.005"/>
  <system-out/>
</testsuite> <!-- testNG.BasicClass -->
