<?xml version="1.0" encoding="UTF-8"?>
<!-- Generated by org.testng.reporters.JUnitReportReporter -->
<testsuite hostname="DESKTOP-OQ9VIQI" failures="0" tests="7" name="testNG.BasicClass3" time="109.659" errors="0" timestamp="2022-08-13T16:13:29 IST" skipped="0">
  <testcase classname="testNG.BasicClass3" name="Login" time="24.379"/>
  <system-out/>
  <testcase classname="testNG.BasicClass3" name="Login" time="7.959"/>
  <system-out/>
  <testcase classname="testNG.BasicClass3" name="Login" time="14.144"/>
  <system-out/>
  <testcase classname="testNG.BasicClass3" name="Login" time="10.278"/>
  <system-out/>
  <testcase classname="testNG.BasicClass3" name="Login" time="30.607"/>
  <system-out/>
  <testcase classname="testNG.BasicClass3" name="Login" time="14.652"/>
  <system-out/>
  <testcase classname="testNG.BasicClass3" name="Verify" time="7.640"/>
  <system-out/>
</testsuite> <!-- testNG.BasicClass3 -->
