<?xml version="1.0" encoding="UTF-8"?>
<!-- Generated by org.testng.reporters.JUnitReportReporter -->
<testsuite hostname="DESKTOP-OQ9VIQI" failures="0" tests="1" name="Rest_Assured.BaseUri_Book" time="6.158" errors="0" timestamp="2022-07-31T07:16:18 IST" skipped="0">
  <testcase classname="Rest_Assured.BaseUri_Book" name="test1" time="6.158"/>
  <system-out/>
</testsuite> <!-- Rest_Assured.BaseUri_Book -->
