<?xml version="1.0" encoding="UTF-8"?>
<!-- Generated by org.testng.reporters.JUnitReportReporter -->
<testsuite hostname="DESKTOP-OQ9VIQI" failures="0" tests="1" name="Rest_Assured.Base_Uri_Post" time="10.813" errors="0" timestamp="2022-08-13T14:44:48 IST" skipped="0">
  <testcase classname="Rest_Assured.Base_Uri_Post" name="test1" time="10.813"/>
  <system-out/>
</testsuite> <!-- Rest_Assured.Base_Uri_Post -->
