<?xml version="1.0" encoding="UTF-8"?>
<!-- Generated by org.testng.reporters.JUnitReportReporter -->
<testsuite hostname="DESKTOP-OQ9VIQI" failures="0" tests="1" name="actiTime_Test.actiTimeTest" time="0.481" errors="0" timestamp="13 Jul 2022 01:53:08 GMT">
  <testcase classname="actiTime_Test.actiTimeTest" name="loginTC" time="0.481"/>
</testsuite> <!-- actiTime_Test.actiTimeTest -->
