<?xml version="1.0" encoding="UTF-8"?>
<!-- Generated by org.testng.reporters.JUnitReportReporter -->
<testsuite hostname="DESKTOP-OQ9VIQI" failures="0" tests="3" name="testNG.Demo" time="0.056" errors="0" timestamp="2022-08-04T18:37:13 IST" skipped="0">
  <testcase classname="testNG.Demo" name="one" time="0.037"/>
  <system-out/>
  <testcase classname="testNG.Demo" name="three" time="0.016"/>
  <system-out/>
  <testcase classname="testNG.Demo" name="two" time="0.003"/>
  <system-out/>
</testsuite> <!-- testNG.Demo -->
